android/build/intermediates/manifest_merge_blame_file/debug/manifest-merger-blame-debug-report.txt
1<?xml version="1.0" encoding="utf-8"?>
2<manifest xmlns:android="http://schemas.android.com/apk/res/android"
3    package="cn.jystudio.bluetooth" > <!-- <uses-feature android:name="android.hardware.usb.host" /> -->
4    <uses-sdk
5        android:minSdkVersion="16"
5-->src/main/AndroidManifest.xml
6        android:targetSdkVersion="24" />
6-->src/main/AndroidManifest.xml
7
8    <uses-permission android:name="android.permission.BLUETOOTH_ADMIN" />
8-->src/main/AndroidManifest.xml:4:5-74
8-->src/main/AndroidManifest.xml:4:22-71
9    <uses-permission android:name="android.permission.BLUETOOTH" />
9-->src/main/AndroidManifest.xml:5:5-68
9-->src/main/AndroidManifest.xml:5:22-65
10    <uses-permission android:name="android.permission.ACCESS_COARSE_LOCATION" />
10-->src/main/AndroidManifest.xml:6:5-80
10-->src/main/AndroidManifest.xml:6:22-78
11    <uses-permission android:name="android.permission.ACCESS_FINE_LOCATION" />
11-->src/main/AndroidManifest.xml:7:5-78
11-->src/main/AndroidManifest.xml:7:22-76
12    <uses-permission android:name="android.permission.INTERNET" />
12-->src/main/AndroidManifest.xml:8:5-67
12-->src/main/AndroidManifest.xml:8:22-64
13    <uses-permission android:name="android.permission.VIBRATE" />
13-->src/main/AndroidManifest.xml:9:5-65
13-->src/main/AndroidManifest.xml:9:22-63
14    <uses-permission android:name="android.permission.ACCESS_WIFI_STATE" />
14-->src/main/AndroidManifest.xml:10:5-76
14-->src/main/AndroidManifest.xml:10:22-73
15    <uses-permission android:name="android.permission.CHANGE_WIFI_STATE" />
15-->src/main/AndroidManifest.xml:11:5-76
15-->src/main/AndroidManifest.xml:11:22-73
16
17</manifest>